J1605+4834  spec-0622-52054-0282.fits
J1605+2309  spec-1851-53524-0015.fits
J1610+1525  spec-2198-53918-0339.fits
J1632+2403  spec-1572-53177-0486.fits
J1634+1118  spec-2533-54585-0133.fits
J1601+4745  spec-0813-52354-0370.fits
J1704+3331  spec-0974-52427-0203.fits
J1709+3421  spec-2972-54586-0206.fits
J2222+1733  spec-7577-56944-0448.fits
J2223+2101  spec-7582-56960-0578.fits
J2256+1450  spec-0742-52263-0332.fits
##
J1348+2456  spec-2115-53535-0265.fits
J1555+2119  spec-2171-53557-0054.fits
J1600+3345  spec-1418-53142-0231.fits
J1603+1531  spec-2197-53555-0241.fits
J1615+2507  spec-1575-53493-0166.fits
J1713+2736  spec-0977-52410-0220.fits
J2102-0645  spec-0637-52174-0411.fits
J2251+2419  spec-6290-56238-0088.fits
J2320+2305  spec-6306-56535-0447.fits	
J2232-0806  Big_Dipper
J2307+1901  spec-7611-56946-0654.fits
J2322+2235  spec-7606-56977-0799.fits
